<?xml version="1.0" encoding="UTF-8"?>
<!-- Generated by org.testng.reporters.JUnitReportReporter -->
<testsuite skipped="0" hostname="A6145221" name="mypackage.Assign10" tests="1" failures="0" timestamp="17 Apr 2019 04:45:55 GMT" time="10.454" errors="0">
  <testcase name="uiValidation" time="10.454" classname="mypackage.Assign10"/>
</testsuite> <!-- mypackage.Assign10 -->
