<?xml version="1.0" encoding="UTF-8"?>
<!-- Generated by org.testng.reporters.JUnitReportReporter -->
<testsuite skipped="0" hostname="A6145221" name="mypackage.Assign9" tests="5" failures="0" timestamp="24 Apr 2019 00:34:11 GMT" time="47.072" errors="0">
  <testcase name="uiValidation" time="9.845" classname="mypackage.Assign9"/>
  <testcase name="uiValidation" time="8.769" classname="mypackage.Assign9"/>
  <testcase name="uiValidation" time="9.117" classname="mypackage.Assign9"/>
  <testcase name="uiValidation" time="9.656" classname="mypackage.Assign9"/>
  <testcase name="uiValidation" time="9.685" classname="mypackage.Assign9"/>
</testsuite> <!-- mypackage.Assign9 -->
