<?xml version="1.0" encoding="UTF-8"?>
<!-- Generated by org.testng.reporters.JUnitReportReporter -->
<testsuite skipped="0" hostname="A6145221" name="mypackage.Assign6" tests="1" failures="0" timestamp="17 Apr 2019 03:22:00 GMT" time="11.206" errors="0">
  <testcase name="titleValidation" time="11.206" classname="mypackage.Assign6"/>
</testsuite> <!-- mypackage.Assign6 -->
