<?xml version="1.0" encoding="UTF-8"?>
<!-- Generated by org.testng.reporters.JUnitReportReporter -->
<testsuite skipped="0" hostname="A6145221" name="mypack.Testscript3" tests="4" failures="0" timestamp="21 Apr 2019 19:24:11 GMT" time="0.014" errors="0">
  <testcase name="btestdata2" time="0.001" classname="mypack.Testscript3"/>
  <testcase name="atestdata1" time="0.011" classname="mypack.Testscript3"/>
  <testcase name="atestdata1" time="0.001" classname="mypack.Testscript3"/>
  <testcase name="btestdata2" time="0.001" classname="mypack.Testscript3"/>
</testsuite> <!-- mypack.Testscript3 -->
