<?xml version="1.0" encoding="UTF-8"?>
<!-- Generated by org.testng.reporters.JUnitReportReporter -->
<testsuite skipped="0" hostname="A6145221" name="mypack.Extenthelper" tests="1" failures="0" timestamp="19 Apr 2019 20:21:52 GMT" time="0.012" errors="0">
  <testcase name="extentRep" time="0.012" classname="mypack.Extenthelper"/>
</testsuite> <!-- mypack.Extenthelper -->
