<?xml version="1.0" encoding="UTF-8"?>
<!-- Generated by org.testng.reporters.JUnitReportReporter -->
<testsuite skipped="0" hostname="A6145221" name="mypackage.Assign8" tests="1" failures="0" timestamp="17 Apr 2019 04:06:33 GMT" time="11.142" errors="0">
  <testcase name="uiValidation" time="11.142" classname="mypackage.Assign8"/>
</testsuite> <!-- mypackage.Assign8 -->
