<?xml version="1.0" encoding="UTF-8"?>
<!-- Generated by org.testng.reporters.JUnitReportReporter -->
<testsuite skipped="0" hostname="A6145221" name="sanity.SanityTestCase2" tests="4" failures="0" timestamp="17 Apr 2019 10:53:29 GMT" time="0.010" errors="0">
  <testcase name="homeSanity2" time="0.002" classname="sanity.SanityTestCase2"/>
  <testcase name="loginSanity2" time="0.001" classname="sanity.SanityTestCase2"/>
  <testcase name="logoutSanity2" time="0.002" classname="sanity.SanityTestCase2"/>
  <testcase name="searchSanity2" time="0.005" classname="sanity.SanityTestCase2"/>
</testsuite> <!-- sanity.SanityTestCase2 -->
