<?xml version="1.0" encoding="UTF-8"?>
<!-- Generated by org.testng.reporters.JUnitReportReporter -->
<testsuite skipped="0" hostname="A6145221" name="sanity.SanityTestCase3" tests="4" failures="0" timestamp="17 Apr 2019 10:53:29 GMT" time="0.006" errors="0">
  <testcase name="searchSanity3" time="0.000" classname="sanity.SanityTestCase3"/>
  <testcase name="loginSanity3" time="0.002" classname="sanity.SanityTestCase3"/>
  <testcase name="logoutSanity3" time="0.001" classname="sanity.SanityTestCase3"/>
  <testcase name="homeSanity3" time="0.003" classname="sanity.SanityTestCase3"/>
</testsuite> <!-- sanity.SanityTestCase3 -->
