<?xml version="1.0" encoding="UTF-8"?>
<!-- Generated by org.testng.reporters.JUnitReportReporter -->
<testsuite skipped="0" hostname="A6145221" name="mysys.Firtstng" tests="2" failures="0" timestamp="10 Apr 2019 03:03:06 GMT" time="0.016" errors="0">
  <testcase name="m1" time="0.016" classname="mysys.Firtstng"/>
  <testcase name="m1" time="0.000" classname="mysys.Firtstng"/>
</testsuite> <!-- mysys.Firtstng -->
