<?xml version="1.0" encoding="UTF-8"?>
<!-- Generated by org.testng.reporters.JUnitReportReporter -->
<testsuite skipped="0" hostname="A6145221" name="regression.RegressionTestCase2" tests="4" failures="0" timestamp="17 Apr 2019 10:53:29 GMT" time="0.010" errors="0">
  <testcase name="loginRegression2" time="0.001" classname="regression.RegressionTestCase2"/>
  <testcase name="logoutRegression2" time="0.002" classname="regression.RegressionTestCase2"/>
  <testcase name="searchRegression2" time="0.004" classname="regression.RegressionTestCase2"/>
  <testcase name="homeRegression2" time="0.003" classname="regression.RegressionTestCase2"/>
</testsuite> <!-- regression.RegressionTestCase2 -->
