<?xml version="1.0" encoding="UTF-8"?>
<!-- Generated by org.testng.reporters.JUnitReportReporter -->
<testsuite skipped="0" hostname="A6145221" name="sanity.SanityTestCase1" tests="4" failures="0" timestamp="17 Apr 2019 10:53:29 GMT" time="0.020" errors="0">
  <testcase name="logoutSanity1" time="0.002" classname="sanity.SanityTestCase1"/>
  <testcase name="homeSanity1" time="0.014" classname="sanity.SanityTestCase1"/>
  <testcase name="searchSanity1" time="0.002" classname="sanity.SanityTestCase1"/>
  <testcase name="loginSanity1" time="0.002" classname="sanity.SanityTestCase1"/>
</testsuite> <!-- sanity.SanityTestCase1 -->
