<?xml version="1.0" encoding="UTF-8"?>
<!-- Generated by org.testng.reporters.JUnitReportReporter -->
<testsuite skipped="0" hostname="A6145221" name="systemTesting.SystemTestCase2" tests="4" failures="0" timestamp="17 Apr 2019 10:52:52 GMT" time="0.009" errors="0">
  <testcase name="loginSystemTesting2" time="0.003" classname="systemTesting.SystemTestCase2"/>
  <testcase name="searchSystemTesting2" time="0.001" classname="systemTesting.SystemTestCase2"/>
  <testcase name="homeSystemTesting2" time="0.003" classname="systemTesting.SystemTestCase2"/>
  <testcase name="logoutSystemTesting2" time="0.002" classname="systemTesting.SystemTestCase2"/>
</testsuite> <!-- systemTesting.SystemTestCase2 -->
