<?xml version="1.0" encoding="UTF-8"?>
<!-- Generated by org.testng.reporters.JUnitReportReporter -->
<testsuite skipped="0" hostname="A6145221" name="acceptanceTesting.AcceptanceTestcase2" tests="4" failures="0" timestamp="17 Apr 2019 10:53:29 GMT" time="0.003" errors="0">
  <testcase name="loginAcceptance2" time="0.001" classname="acceptanceTesting.AcceptanceTestcase2"/>
  <testcase name="homeAcceptance2" time="0.001" classname="acceptanceTesting.AcceptanceTestcase2"/>
  <testcase name="logoutAcceptance2" time="0.000" classname="acceptanceTesting.AcceptanceTestcase2"/>
  <testcase name="searchAcceptance2" time="0.001" classname="acceptanceTesting.AcceptanceTestcase2"/>
</testsuite> <!-- acceptanceTesting.AcceptanceTestcase2 -->
