<?xml version="1.0" encoding="UTF-8"?>
<!-- Generated by org.testng.reporters.JUnitReportReporter -->
<testsuite skipped="0" hostname="A6145221" name="acceptanceTesting.AcceptanceTestcase1" tests="4" failures="0" timestamp="17 Apr 2019 10:53:29 GMT" time="0.018" errors="0">
  <testcase name="homeAcceptance1" time="0.014" classname="acceptanceTesting.AcceptanceTestcase1"/>
  <testcase name="logoutAcceptance1" time="0.001" classname="acceptanceTesting.AcceptanceTestcase1"/>
  <testcase name="searchAcceptance1" time="0.002" classname="acceptanceTesting.AcceptanceTestcase1"/>
  <testcase name="loginAcceptance1" time="0.001" classname="acceptanceTesting.AcceptanceTestcase1"/>
</testsuite> <!-- acceptanceTesting.AcceptanceTestcase1 -->
