<?xml version="1.0" encoding="UTF-8"?>
<!-- Generated by org.testng.reporters.JUnitReportReporter -->
<testsuite skipped="0" hostname="A6145221" name="mysys.Sectng" tests="3" failures="0" timestamp="12 Apr 2019 15:57:55 GMT" time="0.014" errors="0">
  <testcase name="m2" time="0.001" classname="mysys.Sectng"/>
  <testcase name="m3" time="0.001" classname="mysys.Sectng"/>
  <testcase name="m1" time="0.012" classname="mysys.Sectng"/>
</testsuite> <!-- mysys.Sectng -->
