<?xml version="1.0" encoding="UTF-8"?>
<!-- Generated by org.testng.reporters.JUnitReportReporter -->
<testsuite skipped="0" hostname="A6145221" name="systemTesting.SystemTestCase3" tests="4" failures="0" timestamp="17 Apr 2019 10:52:52 GMT" time="0.025" errors="0">
  <testcase name="homeSystemTesting3" time="0.002" classname="systemTesting.SystemTestCase3"/>
  <testcase name="searchSystemTesting3" time="0.001" classname="systemTesting.SystemTestCase3"/>
  <testcase name="loginSystemTesting3" time="0.021" classname="systemTesting.SystemTestCase3"/>
  <testcase name="logoutSystemTesting3" time="0.001" classname="systemTesting.SystemTestCase3"/>
</testsuite> <!-- systemTesting.SystemTestCase3 -->
