<?xml version="1.0" encoding="UTF-8"?>
<!-- Generated by org.testng.reporters.JUnitReportReporter -->
<testsuite skipped="0" hostname="A6145221" name="acceptanceTesting.AcceptanceTestcase3" tests="4" failures="0" timestamp="17 Apr 2019 10:53:29 GMT" time="0.005" errors="0">
  <testcase name="loginAcceptance3" time="0.001" classname="acceptanceTesting.AcceptanceTestcase3"/>
  <testcase name="homeAcceptance3" time="0.002" classname="acceptanceTesting.AcceptanceTestcase3"/>
  <testcase name="logoutAcceptance3" time="0.001" classname="acceptanceTesting.AcceptanceTestcase3"/>
  <testcase name="searchAcceptance3" time="0.001" classname="acceptanceTesting.AcceptanceTestcase3"/>
</testsuite> <!-- acceptanceTesting.AcceptanceTestcase3 -->
