<?xml version="1.0" encoding="UTF-8"?>
<!-- Generated by org.testng.reporters.JUnitReportReporter -->
<testsuite skipped="0" hostname="A6145221" name="sample.AcceptanceTestcase2" tests="4" failures="0" timestamp="18 Apr 2019 03:21:42 GMT" time="0.000" errors="0">
  <testcase name="logoutAcceptance2" time="0.000" classname="sample.AcceptanceTestcase2"/>
  <testcase name="homeAcceptance2" time="0.000" classname="sample.AcceptanceTestcase2"/>
  <testcase name="loginAcceptance2" time="0.000" classname="sample.AcceptanceTestcase2"/>
  <testcase name="searchAcceptance2" time="0.000" classname="sample.AcceptanceTestcase2"/>
</testsuite> <!-- sample.AcceptanceTestcase2 -->
