<?xml version="1.0" encoding="UTF-8"?>
<!-- Generated by org.testng.reporters.JUnitReportReporter -->
<testsuite skipped="0" hostname="A6145221" name="mysys.Testngcall" tests="2" failures="0" timestamp="12 Apr 2019 19:03:53 GMT" time="0.000" errors="0">
  <testcase name="m1" time="0.000" classname="mysys.Testngcall"/>
  <testcase name="m1" time="0.000" classname="mysys.Testngcall"/>
</testsuite> <!-- mysys.Testngcall -->
