<?xml version="1.0" encoding="UTF-8"?>
<!-- Generated by org.testng.reporters.JUnitReportReporter -->
<testsuite skipped="0" hostname="A6145221" name="sample.AcceptanceTestcase1" tests="2" failures="0" timestamp="18 Apr 2019 03:21:42 GMT" time="0.000" errors="0">
  <testcase name="loginAcceptance1" time="0.000" classname="sample.AcceptanceTestcase1"/>
  <testcase name="homeAcceptance1" time="0.000" classname="sample.AcceptanceTestcase1"/>
</testsuite> <!-- sample.AcceptanceTestcase1 -->
