<?xml version="1.0" encoding="UTF-8"?>
<!-- Generated by org.testng.reporters.JUnitReportReporter -->
<testsuite skipped="0" hostname="A6145221" name="mysys.ParamTestng" tests="1" failures="0" timestamp="15 Apr 2019 19:47:05 GMT" time="0.013" errors="0">
  <testcase name="paramTest" time="0.013" classname="mysys.ParamTestng"/>
</testsuite> <!-- mysys.ParamTestng -->
