<?xml version="1.0" encoding="UTF-8"?>
<!-- Generated by org.testng.reporters.JUnitReportReporter -->
<testsuite skipped="0" hostname="A6145221" name="mysys.PackSrc" tests="1" failures="0" timestamp="16 Apr 2019 20:47:51 GMT" time="0.518" errors="0">
  <testcase name="sampleTest" time="0.518" classname="mysys.PackSrc"/>
</testsuite> <!-- mysys.PackSrc -->
