<?xml version="1.0" encoding="UTF-8"?>
<!-- Generated by org.testng.reporters.JUnitReportReporter -->
<testsuite skipped="0" hostname="A6145221" name="mysys.Firstng" tests="4" failures="0" timestamp="13 Apr 2019 02:30:34 GMT" time="0.000" errors="0">
  <testcase name="m2" time="0.000" classname="mysys.Firstng"/>
  <testcase name="m2" time="0.000" classname="mysys.Firstng"/>
  <testcase name="m1" time="0.000" classname="mysys.Firstng"/>
  <testcase name="m1" time="0.000" classname="mysys.Firstng"/>
</testsuite> <!-- mysys.Firstng -->
