<?xml version="1.0" encoding="UTF-8"?>
<!-- Generated by org.testng.reporters.JUnitReportReporter -->
<testsuite skipped="0" hostname="A6145221" name="regression.RegressionTestCase1" tests="4" failures="0" timestamp="17 Apr 2019 10:53:29 GMT" time="0.021" errors="0">
  <testcase name="logoutRegression1" time="0.002" classname="regression.RegressionTestCase1"/>
  <testcase name="homeRegression1" time="0.015" classname="regression.RegressionTestCase1"/>
  <testcase name="searchRegression1" time="0.002" classname="regression.RegressionTestCase1"/>
  <testcase name="loginRegression1" time="0.002" classname="regression.RegressionTestCase1"/>
</testsuite> <!-- regression.RegressionTestCase1 -->
