<?xml version="1.0" encoding="UTF-8"?>
<!-- Generated by org.testng.reporters.JUnitReportReporter -->
<testsuite skipped="0" hostname="A6145221" name="systemTesting.SystemTestCase1" tests="4" failures="0" timestamp="17 Apr 2019 10:52:52 GMT" time="0.024" errors="0">
  <testcase name="homeSystemTesting1" time="0.013" classname="systemTesting.SystemTestCase1"/>
  <testcase name="loginSystemTesting1" time="0.004" classname="systemTesting.SystemTestCase1"/>
  <testcase name="searchSystemTesting1" time="0.003" classname="systemTesting.SystemTestCase1"/>
  <testcase name="logoutSystemTesting1" time="0.004" classname="systemTesting.SystemTestCase1"/>
</testsuite> <!-- systemTesting.SystemTestCase1 -->
