<?xml version="1.0" encoding="UTF-8"?>
<!-- Generated by org.testng.reporters.JUnitReportReporter -->
<testsuite skipped="0" hostname="A6145221" name="regression.RegressionTestCase3" tests="4" failures="0" timestamp="17 Apr 2019 10:53:29 GMT" time="0.004" errors="0">
  <testcase name="loginRegression3" time="0.001" classname="regression.RegressionTestCase3"/>
  <testcase name="homeRegression3" time="0.001" classname="regression.RegressionTestCase3"/>
  <testcase name="logoutRegression3" time="0.001" classname="regression.RegressionTestCase3"/>
  <testcase name="searchRegression3" time="0.001" classname="regression.RegressionTestCase3"/>
</testsuite> <!-- regression.RegressionTestCase3 -->
